
TUB-2554	Wed Sep 16 15:05:14 2015
	ib_util init failed, UDFs can't be used - looks like firebird misconfigured
	
	C:\PRG\__test\build-tels-Desktop_Qt_5_3_MinGW_32bit-Release\release\bin/ib_util.dll library has not been found
	C:\PRG\__test\build-tels-Desktop_Qt_5_3_MinGW_32bit-Release\release\ib_util.dll library has not been found
	ib_util.dll library has not been found


TUB-2554	Wed Sep 16 15:05:56 2015
	ib_util init failed, UDFs can't be used - looks like firebird misconfigured
	
	C:\PRG\__test\build-tels-Desktop_Qt_5_3_MinGW_32bit-Release\release\bin/ib_util.dll library has not been found
	C:\PRG\__test\build-tels-Desktop_Qt_5_3_MinGW_32bit-Release\release\ib_util.dll library has not been found
	ib_util.dll library has not been found


TUB-2554	Wed Sep 16 15:06:17 2015
	ib_util init failed, UDFs can't be used - looks like firebird misconfigured
	
	C:\PRG\__test\build-tels-Desktop_Qt_5_3_MinGW_32bit-Release\release\bin/ib_util.dll library has not been found
	C:\PRG\__test\build-tels-Desktop_Qt_5_3_MinGW_32bit-Release\release\ib_util.dll library has not been found
	ib_util.dll library has not been found


TUB-2554	Wed Sep 16 15:06:24 2015
	ib_util init failed, UDFs can't be used - looks like firebird misconfigured
	
	C:\PRG\__test\build-tels-Desktop_Qt_5_3_MinGW_32bit-Release\release\bin/ib_util.dll library has not been found
	C:\PRG\__test\build-tels-Desktop_Qt_5_3_MinGW_32bit-Release\release\ib_util.dll library has not been found
	ib_util.dll library has not been found


TUB-2554	Wed Sep 16 15:06:29 2015
	ib_util init failed, UDFs can't be used - looks like firebird misconfigured
	
	C:\PRG\__test\build-tels-Desktop_Qt_5_3_MinGW_32bit-Release\release\bin/ib_util.dll library has not been found
	C:\PRG\__test\build-tels-Desktop_Qt_5_3_MinGW_32bit-Release\release\ib_util.dll library has not been found
	ib_util.dll library has not been found


TUB-2554	Wed Sep 16 15:09:21 2015
	ib_util init failed, UDFs can't be used - looks like firebird misconfigured
	
	C:\PRG\__test\build-tels-Desktop_Qt_5_3_MinGW_32bit-Release\release\bin/ib_util.dll library has not been found
	C:\PRG\__test\build-tels-Desktop_Qt_5_3_MinGW_32bit-Release\release\ib_util.dll library has not been found
	ib_util.dll library has not been found


TUB-2554	Wed Sep 16 15:09:45 2015
	ib_util init failed, UDFs can't be used - looks like firebird misconfigured
	
	C:\PRG\__test\build-tels-Desktop_Qt_5_3_MinGW_32bit-Release\release\bin/ib_util.dll library has not been found
	C:\PRG\__test\build-tels-Desktop_Qt_5_3_MinGW_32bit-Release\release\ib_util.dll library has not been found
	ib_util.dll library has not been found


TUB-2554	Wed Sep 16 15:10:00 2015
	ib_util init failed, UDFs can't be used - looks like firebird misconfigured
	
	C:\PRG\__test\build-tels-Desktop_Qt_5_3_MinGW_32bit-Release\release\bin/ib_util.dll library has not been found
	C:\PRG\__test\build-tels-Desktop_Qt_5_3_MinGW_32bit-Release\release\ib_util.dll library has not been found
	ib_util.dll library has not been found


TUB-2554	Wed Sep 16 15:11:32 2015
	ib_util init failed, UDFs can't be used - looks like firebird misconfigured
	
	C:\PRG\__test\build-tels-Desktop_Qt_5_3_MinGW_32bit-Release\release\bin/ib_util.dll library has not been found
	C:\PRG\__test\build-tels-Desktop_Qt_5_3_MinGW_32bit-Release\release\ib_util.dll library has not been found
	ib_util.dll library has not been found


TUB-2554	Wed Sep 16 15:12:16 2015
	ib_util init failed, UDFs can't be used - looks like firebird misconfigured
	
	C:\PRG\__test\build-tels-Desktop_Qt_5_3_MinGW_32bit-Release\release\bin/ib_util.dll library has not been found
	C:\PRG\__test\build-tels-Desktop_Qt_5_3_MinGW_32bit-Release\release\ib_util.dll library has not been found
	ib_util.dll library has not been found


TUB-2554	Wed Sep 16 15:22:55 2015
	ib_util init failed, UDFs can't be used - looks like firebird misconfigured
	
	C:\PRG\__test\build-tels-Desktop_Qt_5_3_MinGW_32bit-Release\release\bin/ib_util.dll library has not been found
	C:\PRG\__test\build-tels-Desktop_Qt_5_3_MinGW_32bit-Release\release\ib_util.dll library has not been found
	ib_util.dll library has not been found


TUB-2554	Wed Sep 16 15:29:42 2015
	ib_util init failed, UDFs can't be used - looks like firebird misconfigured
	
	C:\PRG\__test\build-tels-Desktop_Qt_5_3_MinGW_32bit-Release\release\bin/ib_util.dll library has not been found
	C:\PRG\__test\build-tels-Desktop_Qt_5_3_MinGW_32bit-Release\release\ib_util.dll library has not been found
	ib_util.dll library has not been found


TUB-2554	Wed Sep 16 15:48:27 2015
	ib_util init failed, UDFs can't be used - looks like firebird misconfigured
	
	C:\PRG\__test\build-tels-Desktop_Qt_5_3_MinGW_32bit-Release\release\bin/ib_util.dll library has not been found
	C:\PRG\__test\build-tels-Desktop_Qt_5_3_MinGW_32bit-Release\release\ib_util.dll library has not been found
	ib_util.dll library has not been found


TUB-2554	Wed Sep 16 15:50:00 2015
	ib_util init failed, UDFs can't be used - looks like firebird misconfigured
	
	C:\PRG\__test\build-tels-Desktop_Qt_5_3_MinGW_32bit-Release\release\bin/ib_util.dll library has not been found
	C:\PRG\__test\build-tels-Desktop_Qt_5_3_MinGW_32bit-Release\release\ib_util.dll library has not been found
	ib_util.dll library has not been found


TUB-2554	Wed Sep 16 15:50:17 2015
	ib_util init failed, UDFs can't be used - looks like firebird misconfigured
	
	C:\PRG\__test\build-tels-Desktop_Qt_5_3_MinGW_32bit-Release\release\bin/ib_util.dll library has not been found
	C:\PRG\__test\build-tels-Desktop_Qt_5_3_MinGW_32bit-Release\release\ib_util.dll library has not been found
	ib_util.dll library has not been found


TUB-2554	Wed Sep 16 15:50:25 2015
	ib_util init failed, UDFs can't be used - looks like firebird misconfigured
	
	C:\PRG\__test\build-tels-Desktop_Qt_5_3_MinGW_32bit-Release\release\bin/ib_util.dll library has not been found
	C:\PRG\__test\build-tels-Desktop_Qt_5_3_MinGW_32bit-Release\release\ib_util.dll library has not been found
	ib_util.dll library has not been found


TUB-2554	Wed Sep 16 15:54:58 2015
	ib_util init failed, UDFs can't be used - looks like firebird misconfigured
	
	C:\PRG\__test\build-tels-Desktop_Qt_5_3_MinGW_32bit-Release\release\bin/ib_util.dll library has not been found
	C:\PRG\__test\build-tels-Desktop_Qt_5_3_MinGW_32bit-Release\release\ib_util.dll library has not been found
	ib_util.dll library has not been found


TUB-2554	Wed Sep 16 16:07:30 2015
	ib_util init failed, UDFs can't be used - looks like firebird misconfigured
	
	C:\PRG\__test\build-tels-Desktop_Qt_5_3_MinGW_32bit-Release\release\bin/ib_util.dll library has not been found
	C:\PRG\__test\build-tels-Desktop_Qt_5_3_MinGW_32bit-Release\release\ib_util.dll library has not been found
	ib_util.dll library has not been found


TUB-2554	Wed Sep 16 16:08:53 2015
	ib_util init failed, UDFs can't be used - looks like firebird misconfigured
	
	C:\PRG\__test\build-tels-Desktop_Qt_5_3_MinGW_32bit-Release\release\bin/ib_util.dll library has not been found
	C:\PRG\__test\build-tels-Desktop_Qt_5_3_MinGW_32bit-Release\release\ib_util.dll library has not been found
	ib_util.dll library has not been found


TUB-2554	Wed Sep 16 16:22:33 2015
	ib_util init failed, UDFs can't be used - looks like firebird misconfigured
	
	C:\PRG\__test\build-tels-Desktop_Qt_5_3_MinGW_32bit-Release\release\bin/ib_util.dll library has not been found
	C:\PRG\__test\build-tels-Desktop_Qt_5_3_MinGW_32bit-Release\release\ib_util.dll library has not been found
	ib_util.dll library has not been found


TUB-2554	Wed Sep 16 16:22:40 2015
	ib_util init failed, UDFs can't be used - looks like firebird misconfigured
	
	C:\PRG\__test\build-tels-Desktop_Qt_5_3_MinGW_32bit-Release\release\bin/ib_util.dll library has not been found
	C:\PRG\__test\build-tels-Desktop_Qt_5_3_MinGW_32bit-Release\release\ib_util.dll library has not been found
	ib_util.dll library has not been found


TUB-2554	Thu Sep 17 08:51:02 2015
	ib_util init failed, UDFs can't be used - looks like firebird misconfigured
	
	C:\PRG\__test\build-tels-Desktop_Qt_5_3_MinGW_32bit-Release\release\bin/ib_util.dll library has not been found
	C:\PRG\__test\build-tels-Desktop_Qt_5_3_MinGW_32bit-Release\release\ib_util.dll library has not been found
	ib_util.dll library has not been found


TUB-2554	Thu Sep 17 08:51:52 2015
	ib_util init failed, UDFs can't be used - looks like firebird misconfigured
	
	C:\PRG\__test\build-tels-Desktop_Qt_5_3_MinGW_32bit-Release\release\bin/ib_util.dll library has not been found
	C:\PRG\__test\build-tels-Desktop_Qt_5_3_MinGW_32bit-Release\release\ib_util.dll library has not been found
	ib_util.dll library has not been found


TUB-2554	Thu Sep 17 08:52:09 2015
	ib_util init failed, UDFs can't be used - looks like firebird misconfigured
	
	C:\PRG\__test\build-tels-Desktop_Qt_5_3_MinGW_32bit-Release\release\bin/ib_util.dll library has not been found
	C:\PRG\__test\build-tels-Desktop_Qt_5_3_MinGW_32bit-Release\release\ib_util.dll library has not been found
	ib_util.dll library has not been found


TUB-2554	Thu Sep 17 08:54:46 2015
	ib_util init failed, UDFs can't be used - looks like firebird misconfigured
	
	C:\PRG\__test\build-tels-Desktop_Qt_5_3_MinGW_32bit-Release\release\bin/ib_util.dll library has not been found
	C:\PRG\__test\build-tels-Desktop_Qt_5_3_MinGW_32bit-Release\release\ib_util.dll library has not been found
	ib_util.dll library has not been found


TUB-2554	Thu Sep 17 08:57:00 2015
	ib_util init failed, UDFs can't be used - looks like firebird misconfigured
	
	C:\PRG\__test\build-tels-Desktop_Qt_5_3_MinGW_32bit-Release\release\bin/ib_util.dll library has not been found
	C:\PRG\__test\build-tels-Desktop_Qt_5_3_MinGW_32bit-Release\release\ib_util.dll library has not been found
	ib_util.dll library has not been found


TUB-2554	Thu Sep 17 08:57:18 2015
	ib_util init failed, UDFs can't be used - looks like firebird misconfigured
	
	C:\PRG\__test\build-tels-Desktop_Qt_5_3_MinGW_32bit-Release\release\bin/ib_util.dll library has not been found
	C:\PRG\__test\build-tels-Desktop_Qt_5_3_MinGW_32bit-Release\release\ib_util.dll library has not been found
	ib_util.dll library has not been found


TUB-2554	Thu Sep 17 08:58:31 2015
	ib_util init failed, UDFs can't be used - looks like firebird misconfigured
	
	C:\PRG\__test\build-tels-Desktop_Qt_5_3_MinGW_32bit-Release\release\bin/ib_util.dll library has not been found
	C:\PRG\__test\build-tels-Desktop_Qt_5_3_MinGW_32bit-Release\release\ib_util.dll library has not been found
	ib_util.dll library has not been found


TUB-2554	Thu Sep 17 08:58:58 2015
	ib_util init failed, UDFs can't be used - looks like firebird misconfigured
	
	C:\PRG\__test\build-tels-Desktop_Qt_5_3_MinGW_32bit-Release\release\bin/ib_util.dll library has not been found
	C:\PRG\__test\build-tels-Desktop_Qt_5_3_MinGW_32bit-Release\release\ib_util.dll library has not been found
	ib_util.dll library has not been found


TUB-2554	Thu Sep 17 09:02:02 2015
	ib_util init failed, UDFs can't be used - looks like firebird misconfigured
	
	C:\PRG\__test\build-tels-Desktop_Qt_5_3_MinGW_32bit-Release\release\bin/ib_util.dll library has not been found
	C:\PRG\__test\build-tels-Desktop_Qt_5_3_MinGW_32bit-Release\release\ib_util.dll library has not been found
	ib_util.dll library has not been found


TUB-2554	Thu Sep 17 09:02:15 2015
	ib_util init failed, UDFs can't be used - looks like firebird misconfigured
	
	C:\PRG\__test\build-tels-Desktop_Qt_5_3_MinGW_32bit-Release\release\bin/ib_util.dll library has not been found
	C:\PRG\__test\build-tels-Desktop_Qt_5_3_MinGW_32bit-Release\release\ib_util.dll library has not been found
	ib_util.dll library has not been found


TUB-2554	Thu Sep 17 09:02:21 2015
	ib_util init failed, UDFs can't be used - looks like firebird misconfigured
	
	C:\PRG\__test\build-tels-Desktop_Qt_5_3_MinGW_32bit-Release\release\bin/ib_util.dll library has not been found
	C:\PRG\__test\build-tels-Desktop_Qt_5_3_MinGW_32bit-Release\release\ib_util.dll library has not been found
	ib_util.dll library has not been found


TUB-2554	Thu Sep 17 09:02:46 2015
	ib_util init failed, UDFs can't be used - looks like firebird misconfigured
	
	C:\PRG\__test\build-tels-Desktop_Qt_5_3_MinGW_32bit-Release\release\bin/ib_util.dll library has not been found
	C:\PRG\__test\build-tels-Desktop_Qt_5_3_MinGW_32bit-Release\release\ib_util.dll library has not been found
	ib_util.dll library has not been found


TUB-2554	Thu Sep 17 09:03:52 2015
	ib_util init failed, UDFs can't be used - looks like firebird misconfigured
	
	C:\PRG\__test\build-tels-Desktop_Qt_5_3_MinGW_32bit-Release\release\bin/ib_util.dll library has not been found
	C:\PRG\__test\build-tels-Desktop_Qt_5_3_MinGW_32bit-Release\release\ib_util.dll library has not been found
	ib_util.dll library has not been found


TUB-2554	Thu Sep 17 09:04:16 2015
	ib_util init failed, UDFs can't be used - looks like firebird misconfigured
	
	C:\PRG\__test\build-tels-Desktop_Qt_5_3_MinGW_32bit-Release\release\bin/ib_util.dll library has not been found
	C:\PRG\__test\build-tels-Desktop_Qt_5_3_MinGW_32bit-Release\release\ib_util.dll library has not been found
	ib_util.dll library has not been found


TUB-2554	Thu Sep 17 09:04:23 2015
	ib_util init failed, UDFs can't be used - looks like firebird misconfigured
	
	C:\PRG\__test\build-tels-Desktop_Qt_5_3_MinGW_32bit-Release\release\bin/ib_util.dll library has not been found
	C:\PRG\__test\build-tels-Desktop_Qt_5_3_MinGW_32bit-Release\release\ib_util.dll library has not been found
	ib_util.dll library has not been found


TUB-2554	Thu Sep 17 09:04:49 2015
	ib_util init failed, UDFs can't be used - looks like firebird misconfigured
	
	C:\PRG\__test\build-tels-Desktop_Qt_5_3_MinGW_32bit-Release\release\bin/ib_util.dll library has not been found
	C:\PRG\__test\build-tels-Desktop_Qt_5_3_MinGW_32bit-Release\release\ib_util.dll library has not been found
	ib_util.dll library has not been found


TUB-2554	Thu Sep 17 09:05:32 2015
	ib_util init failed, UDFs can't be used - looks like firebird misconfigured
	
	C:\PRG\__test\build-tels-Desktop_Qt_5_3_MinGW_32bit-Release\release\bin/ib_util.dll library has not been found
	C:\PRG\__test\build-tels-Desktop_Qt_5_3_MinGW_32bit-Release\release\ib_util.dll library has not been found
	ib_util.dll library has not been found


TUB-2554	Thu Sep 17 09:05:54 2015
	ib_util init failed, UDFs can't be used - looks like firebird misconfigured
	
	C:\PRG\__test\build-tels-Desktop_Qt_5_3_MinGW_32bit-Release\release\bin/ib_util.dll library has not been found
	C:\PRG\__test\build-tels-Desktop_Qt_5_3_MinGW_32bit-Release\release\ib_util.dll library has not been found
	ib_util.dll library has not been found


TUB-2554	Thu Sep 17 09:06:53 2015
	ib_util init failed, UDFs can't be used - looks like firebird misconfigured
	
	C:\PRG\__test\build-tels-Desktop_Qt_5_3_MinGW_32bit-Release\release\bin/ib_util.dll library has not been found
	C:\PRG\__test\build-tels-Desktop_Qt_5_3_MinGW_32bit-Release\release\ib_util.dll library has not been found
	ib_util.dll library has not been found


TUB-2554	Thu Sep 17 09:07:05 2015
	ib_util init failed, UDFs can't be used - looks like firebird misconfigured
	
	C:\PRG\__test\build-tels-Desktop_Qt_5_3_MinGW_32bit-Release\release\bin/ib_util.dll library has not been found
	C:\PRG\__test\build-tels-Desktop_Qt_5_3_MinGW_32bit-Release\release\ib_util.dll library has not been found
	ib_util.dll library has not been found


TUB-2554	Thu Sep 17 09:11:47 2015
	ib_util init failed, UDFs can't be used - looks like firebird misconfigured
	
	C:\PRG\__test\build-tels-Desktop_Qt_5_3_MinGW_32bit-Release\release\bin/ib_util.dll library has not been found
	C:\PRG\__test\build-tels-Desktop_Qt_5_3_MinGW_32bit-Release\release\ib_util.dll library has not been found
	ib_util.dll library has not been found


TUB-2554	Thu Sep 17 09:12:14 2015
	ib_util init failed, UDFs can't be used - looks like firebird misconfigured
	
	C:\PRG\__test\build-tels-Desktop_Qt_5_3_MinGW_32bit-Release\release\bin/ib_util.dll library has not been found
	C:\PRG\__test\build-tels-Desktop_Qt_5_3_MinGW_32bit-Release\release\ib_util.dll library has not been found
	ib_util.dll library has not been found


TUB-2554	Thu Sep 17 09:12:56 2015
	ib_util init failed, UDFs can't be used - looks like firebird misconfigured
	
	C:\PRG\__test\build-tels-Desktop_Qt_5_3_MinGW_32bit-Release\release\bin/ib_util.dll library has not been found
	C:\PRG\__test\build-tels-Desktop_Qt_5_3_MinGW_32bit-Release\release\ib_util.dll library has not been found
	ib_util.dll library has not been found


TUB-2554	Thu Sep 17 09:16:01 2015
	ib_util init failed, UDFs can't be used - looks like firebird misconfigured
	
	C:\PRG\__test\build-tels-Desktop_Qt_5_3_MinGW_32bit-Release\release\bin/ib_util.dll library has not been found
	C:\PRG\__test\build-tels-Desktop_Qt_5_3_MinGW_32bit-Release\release\ib_util.dll library has not been found
	ib_util.dll library has not been found


TUB-2554	Thu Sep 17 09:16:29 2015
	ib_util init failed, UDFs can't be used - looks like firebird misconfigured
	
	C:\PRG\__test\build-tels-Desktop_Qt_5_3_MinGW_32bit-Release\release\bin/ib_util.dll library has not been found
	C:\PRG\__test\build-tels-Desktop_Qt_5_3_MinGW_32bit-Release\release\ib_util.dll library has not been found
	ib_util.dll library has not been found


TUB-2554	Thu Sep 17 09:16:57 2015
	ib_util init failed, UDFs can't be used - looks like firebird misconfigured
	
	C:\PRG\__test\build-tels-Desktop_Qt_5_3_MinGW_32bit-Release\release\bin/ib_util.dll library has not been found
	C:\PRG\__test\build-tels-Desktop_Qt_5_3_MinGW_32bit-Release\release\ib_util.dll library has not been found
	ib_util.dll library has not been found


TUB-2554	Thu Sep 17 09:23:18 2015
	ib_util init failed, UDFs can't be used - looks like firebird misconfigured
	
	C:\PRG\__test\build-tels-Desktop_Qt_5_3_MinGW_32bit-Release\release\bin/ib_util.dll library has not been found
	C:\PRG\__test\build-tels-Desktop_Qt_5_3_MinGW_32bit-Release\release\ib_util.dll library has not been found
	ib_util.dll library has not been found


TUB-2554	Thu Sep 17 09:59:25 2015
	ib_util init failed, UDFs can't be used - looks like firebird misconfigured
	
	C:\PRG\__test\build-tels-Desktop_Qt_5_3_MinGW_32bit-Release\release\bin/ib_util.dll library has not been found
	C:\PRG\__test\build-tels-Desktop_Qt_5_3_MinGW_32bit-Release\release\ib_util.dll library has not been found
	ib_util.dll library has not been found


TUB-2554	Thu Sep 17 09:59:42 2015
	ib_util init failed, UDFs can't be used - looks like firebird misconfigured
	
	C:\PRG\__test\build-tels-Desktop_Qt_5_3_MinGW_32bit-Release\release\bin/ib_util.dll library has not been found
	C:\PRG\__test\build-tels-Desktop_Qt_5_3_MinGW_32bit-Release\release\ib_util.dll library has not been found
	ib_util.dll library has not been found


TUB-2554	Thu Sep 17 10:00:16 2015
	ib_util init failed, UDFs can't be used - looks like firebird misconfigured
	
	C:\PRG\__test\build-tels-Desktop_Qt_5_3_MinGW_32bit-Release\release\bin/ib_util.dll library has not been found
	C:\PRG\__test\build-tels-Desktop_Qt_5_3_MinGW_32bit-Release\release\ib_util.dll library has not been found
	ib_util.dll library has not been found


TUB-2554	Thu Sep 17 10:00:38 2015
	ib_util init failed, UDFs can't be used - looks like firebird misconfigured
	
	C:\PRG\__test\build-tels-Desktop_Qt_5_3_MinGW_32bit-Release\release\bin/ib_util.dll library has not been found
	C:\PRG\__test\build-tels-Desktop_Qt_5_3_MinGW_32bit-Release\release\ib_util.dll library has not been found
	ib_util.dll library has not been found


TUB-2554	Thu Sep 17 10:13:18 2015
	ib_util init failed, UDFs can't be used - looks like firebird misconfigured
	
	C:\PRG\__test\build-tels-Desktop_Qt_5_3_MinGW_32bit-Release\release\bin/ib_util.dll library has not been found
	C:\PRG\__test\build-tels-Desktop_Qt_5_3_MinGW_32bit-Release\release\ib_util.dll library has not been found
	ib_util.dll library has not been found


TUB-2554	Thu Sep 17 10:14:58 2015
	ib_util init failed, UDFs can't be used - looks like firebird misconfigured
	
	C:\PRG\__test\build-tels-Desktop_Qt_5_3_MinGW_32bit-Release\release\bin/ib_util.dll library has not been found
	C:\PRG\__test\build-tels-Desktop_Qt_5_3_MinGW_32bit-Release\release\ib_util.dll library has not been found
	ib_util.dll library has not been found


TUB-2554	Thu Sep 17 10:15:36 2015
	ib_util init failed, UDFs can't be used - looks like firebird misconfigured
	
	C:\PRG\__test\build-tels-Desktop_Qt_5_3_MinGW_32bit-Release\release\bin/ib_util.dll library has not been found
	C:\PRG\__test\build-tels-Desktop_Qt_5_3_MinGW_32bit-Release\release\ib_util.dll library has not been found
	ib_util.dll library has not been found


TUB-2554	Thu Sep 17 10:19:18 2015
	ib_util init failed, UDFs can't be used - looks like firebird misconfigured
	
	C:\PRG\__test\build-tels-Desktop_Qt_5_3_MinGW_32bit-Release\release\bin/ib_util.dll library has not been found
	C:\PRG\__test\build-tels-Desktop_Qt_5_3_MinGW_32bit-Release\release\ib_util.dll library has not been found
	ib_util.dll library has not been found


TUB-2554	Thu Sep 17 10:36:23 2015
	ib_util init failed, UDFs can't be used - looks like firebird misconfigured
	
	C:\PRG\__test\build-tels-Desktop_Qt_5_3_MinGW_32bit-Release\release\bin/ib_util.dll library has not been found
	C:\PRG\__test\build-tels-Desktop_Qt_5_3_MinGW_32bit-Release\release\ib_util.dll library has not been found
	ib_util.dll library has not been found


TUB-2554	Thu Sep 17 10:37:17 2015
	ib_util init failed, UDFs can't be used - looks like firebird misconfigured
	
	C:\PRG\__test\build-tels-Desktop_Qt_5_3_MinGW_32bit-Release\release\bin/ib_util.dll library has not been found
	C:\PRG\__test\build-tels-Desktop_Qt_5_3_MinGW_32bit-Release\release\ib_util.dll library has not been found
	ib_util.dll library has not been found


TUB-2554	Thu Sep 17 10:39:01 2015
	ib_util init failed, UDFs can't be used - looks like firebird misconfigured
	
	C:\PRG\__test\build-tels-Desktop_Qt_5_3_MinGW_32bit-Release\release\bin/ib_util.dll library has not been found
	C:\PRG\__test\build-tels-Desktop_Qt_5_3_MinGW_32bit-Release\release\ib_util.dll library has not been found
	ib_util.dll library has not been found


TUB-2554	Thu Sep 17 10:40:09 2015
	ib_util init failed, UDFs can't be used - looks like firebird misconfigured
	
	C:\PRG\__test\build-tels-Desktop_Qt_5_3_MinGW_32bit-Release\release\bin/ib_util.dll library has not been found
	C:\PRG\__test\build-tels-Desktop_Qt_5_3_MinGW_32bit-Release\release\ib_util.dll library has not been found
	ib_util.dll library has not been found


TUB-2554	Thu Sep 17 10:41:25 2015
	ib_util init failed, UDFs can't be used - looks like firebird misconfigured
	
	C:\PRG\__test\build-tels-Desktop_Qt_5_3_MinGW_32bit-Release\release\bin/ib_util.dll library has not been found
	C:\PRG\__test\build-tels-Desktop_Qt_5_3_MinGW_32bit-Release\release\ib_util.dll library has not been found
	ib_util.dll library has not been found


TUB-2554	Thu Sep 17 10:46:13 2015
	ib_util init failed, UDFs can't be used - looks like firebird misconfigured
	
	C:\PRG\__test\build-tels-Desktop_Qt_5_3_MinGW_32bit-Release\release\bin/ib_util.dll library has not been found
	C:\PRG\__test\build-tels-Desktop_Qt_5_3_MinGW_32bit-Release\release\ib_util.dll library has not been found
	ib_util.dll library has not been found


TUB-2554	Thu Sep 17 10:46:42 2015
	ib_util init failed, UDFs can't be used - looks like firebird misconfigured
	
	C:\PRG\__test\build-tels-Desktop_Qt_5_3_MinGW_32bit-Release\release\bin/ib_util.dll library has not been found
	C:\PRG\__test\build-tels-Desktop_Qt_5_3_MinGW_32bit-Release\release\ib_util.dll library has not been found
	ib_util.dll library has not been found


TUB-2554	Thu Sep 17 10:47:08 2015
	ib_util init failed, UDFs can't be used - looks like firebird misconfigured
	
	C:\PRG\__test\build-tels-Desktop_Qt_5_3_MinGW_32bit-Release\release\bin/ib_util.dll library has not been found
	C:\PRG\__test\build-tels-Desktop_Qt_5_3_MinGW_32bit-Release\release\ib_util.dll library has not been found
	ib_util.dll library has not been found


TUB-2554	Thu Sep 17 10:49:49 2015
	ib_util init failed, UDFs can't be used - looks like firebird misconfigured
	
	C:\PRG\__test\build-tels-Desktop_Qt_5_3_MinGW_32bit-Release\release\bin/ib_util.dll library has not been found
	C:\PRG\__test\build-tels-Desktop_Qt_5_3_MinGW_32bit-Release\release\ib_util.dll library has not been found
	ib_util.dll library has not been found


TUB-2554	Thu Sep 17 10:50:37 2015
	ib_util init failed, UDFs can't be used - looks like firebird misconfigured
	
	C:\PRG\__test\build-tels-Desktop_Qt_5_3_MinGW_32bit-Release\release\bin/ib_util.dll library has not been found
	C:\PRG\__test\build-tels-Desktop_Qt_5_3_MinGW_32bit-Release\release\ib_util.dll library has not been found
	ib_util.dll library has not been found


TUB-2554	Thu Sep 17 10:53:55 2015
	ib_util init failed, UDFs can't be used - looks like firebird misconfigured
	
	C:\PRG\__test\build-tels-Desktop_Qt_5_3_MinGW_32bit-Release\release\bin/ib_util.dll library has not been found
	C:\PRG\__test\build-tels-Desktop_Qt_5_3_MinGW_32bit-Release\release\ib_util.dll library has not been found
	ib_util.dll library has not been found


TUB-2554	Thu Sep 17 11:18:59 2015
	ib_util init failed, UDFs can't be used - looks like firebird misconfigured
	
	C:\PRG\__test\build-tels-Desktop_Qt_5_3_MinGW_32bit-Release\release\bin/ib_util.dll library has not been found
	C:\PRG\__test\build-tels-Desktop_Qt_5_3_MinGW_32bit-Release\release\ib_util.dll library has not been found
	ib_util.dll library has not been found


TUB-2554	Thu Sep 17 11:19:16 2015
	ib_util init failed, UDFs can't be used - looks like firebird misconfigured
	
	C:\PRG\__test\build-tels-Desktop_Qt_5_3_MinGW_32bit-Release\release\bin/ib_util.dll library has not been found
	C:\PRG\__test\build-tels-Desktop_Qt_5_3_MinGW_32bit-Release\release\ib_util.dll library has not been found
	ib_util.dll library has not been found


TUB-2554	Thu Sep 17 11:19:43 2015
	ib_util init failed, UDFs can't be used - looks like firebird misconfigured
	
	C:\PRG\__test\build-tels-Desktop_Qt_5_3_MinGW_32bit-Release\release\bin/ib_util.dll library has not been found
	C:\PRG\__test\build-tels-Desktop_Qt_5_3_MinGW_32bit-Release\release\ib_util.dll library has not been found
	ib_util.dll library has not been found


TUB-2554	Thu Sep 17 11:20:20 2015
	ib_util init failed, UDFs can't be used - looks like firebird misconfigured
	
	C:\PRG\__test\build-tels-Desktop_Qt_5_3_MinGW_32bit-Release\release\bin/ib_util.dll library has not been found
	C:\PRG\__test\build-tels-Desktop_Qt_5_3_MinGW_32bit-Release\release\ib_util.dll library has not been found
	ib_util.dll library has not been found


TUB-2554	Thu Sep 17 11:22:40 2015
	ib_util init failed, UDFs can't be used - looks like firebird misconfigured
	
	C:\PRG\__test\build-tels-Desktop_Qt_5_3_MinGW_32bit-Release\release\bin/ib_util.dll library has not been found
	C:\PRG\__test\build-tels-Desktop_Qt_5_3_MinGW_32bit-Release\release\ib_util.dll library has not been found
	ib_util.dll library has not been found


TUB-2554	Thu Sep 17 11:31:02 2015
	ib_util init failed, UDFs can't be used - looks like firebird misconfigured
	
	C:\PRG\__test\build-tels-Desktop_Qt_5_3_MinGW_32bit-Release\release\bin/ib_util.dll library has not been found
	C:\PRG\__test\build-tels-Desktop_Qt_5_3_MinGW_32bit-Release\release\ib_util.dll library has not been found
	ib_util.dll library has not been found


TUB-2554	Thu Sep 17 11:31:16 2015
	ib_util init failed, UDFs can't be used - looks like firebird misconfigured
	
	C:\PRG\__test\build-tels-Desktop_Qt_5_3_MinGW_32bit-Release\release\bin/ib_util.dll library has not been found
	C:\PRG\__test\build-tels-Desktop_Qt_5_3_MinGW_32bit-Release\release\ib_util.dll library has not been found
	ib_util.dll library has not been found


TUB-2554	Thu Sep 17 11:31:59 2015
	ib_util init failed, UDFs can't be used - looks like firebird misconfigured
	
	C:\PRG\__test\build-tels-Desktop_Qt_5_3_MinGW_32bit-Release\release\bin/ib_util.dll library has not been found
	C:\PRG\__test\build-tels-Desktop_Qt_5_3_MinGW_32bit-Release\release\ib_util.dll library has not been found
	ib_util.dll library has not been found


TUB-2554	Thu Sep 17 11:32:15 2015
	ib_util init failed, UDFs can't be used - looks like firebird misconfigured
	
	C:\PRG\__test\build-tels-Desktop_Qt_5_3_MinGW_32bit-Release\release\bin/ib_util.dll library has not been found
	C:\PRG\__test\build-tels-Desktop_Qt_5_3_MinGW_32bit-Release\release\ib_util.dll library has not been found
	ib_util.dll library has not been found


TUB-2554	Thu Sep 17 11:35:50 2015
	ib_util init failed, UDFs can't be used - looks like firebird misconfigured
	
	C:\PRG\__test\build-tels-Desktop_Qt_5_3_MinGW_32bit-Release\release\bin/ib_util.dll library has not been found
	C:\PRG\__test\build-tels-Desktop_Qt_5_3_MinGW_32bit-Release\release\ib_util.dll library has not been found
	ib_util.dll library has not been found


TUB-2554	Thu Sep 17 11:36:26 2015
	ib_util init failed, UDFs can't be used - looks like firebird misconfigured
	
	C:\PRG\__test\build-tels-Desktop_Qt_5_3_MinGW_32bit-Release\release\bin/ib_util.dll library has not been found
	C:\PRG\__test\build-tels-Desktop_Qt_5_3_MinGW_32bit-Release\release\ib_util.dll library has not been found
	ib_util.dll library has not been found


TUB-2554	Thu Sep 17 11:38:36 2015
	ib_util init failed, UDFs can't be used - looks like firebird misconfigured
	
	C:\PRG\__test\build-tels-Desktop_Qt_5_3_MinGW_32bit-Release\release\bin/ib_util.dll library has not been found
	C:\PRG\__test\build-tels-Desktop_Qt_5_3_MinGW_32bit-Release\release\ib_util.dll library has not been found
	ib_util.dll library has not been found


TUB-2554	Thu Sep 17 11:49:19 2015
	ib_util init failed, UDFs can't be used - looks like firebird misconfigured
	
	C:\PRG\__test\build-tels-Desktop_Qt_5_3_MinGW_32bit-Release\release\bin/ib_util.dll library has not been found
	C:\PRG\__test\build-tels-Desktop_Qt_5_3_MinGW_32bit-Release\release\ib_util.dll library has not been found
	ib_util.dll library has not been found


TUB-2554	Thu Sep 17 11:49:33 2015
	ib_util init failed, UDFs can't be used - looks like firebird misconfigured
	
	C:\PRG\__test\build-tels-Desktop_Qt_5_3_MinGW_32bit-Release\release\bin/ib_util.dll library has not been found
	C:\PRG\__test\build-tels-Desktop_Qt_5_3_MinGW_32bit-Release\release\ib_util.dll library has not been found
	ib_util.dll library has not been found


TUB-2554	Thu Sep 17 11:50:41 2015
	ib_util init failed, UDFs can't be used - looks like firebird misconfigured
	
	C:\PRG\__test\build-tels-Desktop_Qt_5_3_MinGW_32bit-Release\release\bin/ib_util.dll library has not been found
	C:\PRG\__test\build-tels-Desktop_Qt_5_3_MinGW_32bit-Release\release\ib_util.dll library has not been found
	ib_util.dll library has not been found


TUB-2554	Thu Sep 17 11:54:05 2015
	ib_util init failed, UDFs can't be used - looks like firebird misconfigured
	
	C:\PRG\__test\build-tels-Desktop_Qt_5_3_MinGW_32bit-Release\release\bin/ib_util.dll library has not been found
	C:\PRG\__test\build-tels-Desktop_Qt_5_3_MinGW_32bit-Release\release\ib_util.dll library has not been found
	ib_util.dll library has not been found


TUB-2554	Thu Sep 17 12:03:55 2015
	ib_util init failed, UDFs can't be used - looks like firebird misconfigured
	
	C:\PRG\__test\build-tels-Desktop_Qt_5_3_MinGW_32bit-Release\release\bin/ib_util.dll library has not been found
	C:\PRG\__test\build-tels-Desktop_Qt_5_3_MinGW_32bit-Release\release\ib_util.dll library has not been found
	ib_util.dll library has not been found


TUB-2554	Thu Sep 17 12:04:23 2015
	ib_util init failed, UDFs can't be used - looks like firebird misconfigured
	
	C:\PRG\__test\build-tels-Desktop_Qt_5_3_MinGW_32bit-Release\release\bin/ib_util.dll library has not been found
	C:\PRG\__test\build-tels-Desktop_Qt_5_3_MinGW_32bit-Release\release\ib_util.dll library has not been found
	ib_util.dll library has not been found


TUB-2554	Thu Sep 17 12:05:19 2015
	ib_util init failed, UDFs can't be used - looks like firebird misconfigured
	
	C:\PRG\__test\build-tels-Desktop_Qt_5_3_MinGW_32bit-Release\release\bin/ib_util.dll library has not been found
	C:\PRG\__test\build-tels-Desktop_Qt_5_3_MinGW_32bit-Release\release\ib_util.dll library has not been found
	ib_util.dll library has not been found


TUB-2554	Thu Sep 17 12:07:14 2015
	ib_util init failed, UDFs can't be used - looks like firebird misconfigured
	
	C:\PRG\__test\build-tels-Desktop_Qt_5_3_MinGW_32bit-Release\release\bin/ib_util.dll library has not been found
	C:\PRG\__test\build-tels-Desktop_Qt_5_3_MinGW_32bit-Release\release\ib_util.dll library has not been found
	ib_util.dll library has not been found


TUB-2554	Thu Sep 17 12:09:27 2015
	ib_util init failed, UDFs can't be used - looks like firebird misconfigured
	
	C:\PRG\__test\build-tels-Desktop_Qt_5_3_MinGW_32bit-Release\release\bin/ib_util.dll library has not been found
	C:\PRG\__test\build-tels-Desktop_Qt_5_3_MinGW_32bit-Release\release\ib_util.dll library has not been found
	ib_util.dll library has not been found


TUB-2554	Thu Sep 17 12:10:05 2015
	ib_util init failed, UDFs can't be used - looks like firebird misconfigured
	
	C:\PRG\__test\build-tels-Desktop_Qt_5_3_MinGW_32bit-Release\release\bin/ib_util.dll library has not been found
	C:\PRG\__test\build-tels-Desktop_Qt_5_3_MinGW_32bit-Release\release\ib_util.dll library has not been found
	ib_util.dll library has not been found


TUB-2554	Thu Sep 17 12:14:51 2015
	ib_util init failed, UDFs can't be used - looks like firebird misconfigured
	
	C:\PRG\__test\build-tels-Desktop_Qt_5_3_MinGW_32bit-Release\release\bin/ib_util.dll library has not been found
	C:\PRG\__test\build-tels-Desktop_Qt_5_3_MinGW_32bit-Release\release\ib_util.dll library has not been found
	ib_util.dll library has not been found


TUB-2554	Thu Sep 17 12:17:48 2015
	ib_util init failed, UDFs can't be used - looks like firebird misconfigured
	
	C:\PRG\__test\build-tels-Desktop_Qt_5_3_MinGW_32bit-Release\release\bin/ib_util.dll library has not been found
	C:\PRG\__test\build-tels-Desktop_Qt_5_3_MinGW_32bit-Release\release\ib_util.dll library has not been found
	ib_util.dll library has not been found


TUB-2554	Thu Sep 17 12:20:41 2015
	ib_util init failed, UDFs can't be used - looks like firebird misconfigured
	
	C:\PRG\__test\build-tels-Desktop_Qt_5_3_MinGW_32bit-Release\release\bin/ib_util.dll library has not been found
	C:\PRG\__test\build-tels-Desktop_Qt_5_3_MinGW_32bit-Release\release\ib_util.dll library has not been found
	ib_util.dll library has not been found


TUB-2554	Thu Sep 17 12:21:22 2015
	ib_util init failed, UDFs can't be used - looks like firebird misconfigured
	
	C:\PRG\__test\build-tels-Desktop_Qt_5_3_MinGW_32bit-Release\release\bin/ib_util.dll library has not been found
	C:\PRG\__test\build-tels-Desktop_Qt_5_3_MinGW_32bit-Release\release\ib_util.dll library has not been found
	ib_util.dll library has not been found


TUB-2554	Thu Sep 17 12:23:08 2015
	ib_util init failed, UDFs can't be used - looks like firebird misconfigured
	
	C:\PRG\__test\build-tels-Desktop_Qt_5_3_MinGW_32bit-Release\release\bin/ib_util.dll library has not been found
	C:\PRG\__test\build-tels-Desktop_Qt_5_3_MinGW_32bit-Release\release\ib_util.dll library has not been found
	ib_util.dll library has not been found


TUB-2554	Thu Sep 17 12:23:27 2015
	ib_util init failed, UDFs can't be used - looks like firebird misconfigured
	
	C:\PRG\__test\build-tels-Desktop_Qt_5_3_MinGW_32bit-Release\release\bin/ib_util.dll library has not been found
	C:\PRG\__test\build-tels-Desktop_Qt_5_3_MinGW_32bit-Release\release\ib_util.dll library has not been found
	ib_util.dll library has not been found


TUB-2554	Thu Sep 17 12:29:10 2015
	ib_util init failed, UDFs can't be used - looks like firebird misconfigured
	
	C:\PRG\__test\build-tels-Desktop_Qt_5_3_MinGW_32bit-Release\release\bin/ib_util.dll library has not been found
	C:\PRG\__test\build-tels-Desktop_Qt_5_3_MinGW_32bit-Release\release\ib_util.dll library has not been found
	ib_util.dll library has not been found


TUB-2554	Thu Sep 17 13:29:26 2015
	ib_util init failed, UDFs can't be used - looks like firebird misconfigured
	
	C:\PRG\__test\build-tels-Desktop_Qt_5_3_MinGW_32bit-Release\release\bin/ib_util.dll library has not been found
	C:\PRG\__test\build-tels-Desktop_Qt_5_3_MinGW_32bit-Release\release\ib_util.dll library has not been found
	ib_util.dll library has not been found


TUB-2554	Thu Sep 17 13:37:54 2015
	ib_util init failed, UDFs can't be used - looks like firebird misconfigured
	
	C:\PRG\__test\build-tels-Desktop_Qt_5_3_MinGW_32bit-Release\release\bin/ib_util.dll library has not been found
	C:\PRG\__test\build-tels-Desktop_Qt_5_3_MinGW_32bit-Release\release\ib_util.dll library has not been found
	ib_util.dll library has not been found


TUB-2554	Thu Sep 17 13:40:20 2015
	ib_util init failed, UDFs can't be used - looks like firebird misconfigured
	
	C:\PRG\__test\build-tels-Desktop_Qt_5_3_MinGW_32bit-Release\release\bin/ib_util.dll library has not been found
	C:\PRG\__test\build-tels-Desktop_Qt_5_3_MinGW_32bit-Release\release\ib_util.dll library has not been found
	ib_util.dll library has not been found


TUB-2554	Thu Sep 17 13:40:49 2015
	ib_util init failed, UDFs can't be used - looks like firebird misconfigured
	
	C:\PRG\__test\build-tels-Desktop_Qt_5_3_MinGW_32bit-Release\release\bin/ib_util.dll library has not been found
	C:\PRG\__test\build-tels-Desktop_Qt_5_3_MinGW_32bit-Release\release\ib_util.dll library has not been found
	ib_util.dll library has not been found


TUB-2554	Thu Sep 17 13:56:55 2015
	ib_util init failed, UDFs can't be used - looks like firebird misconfigured
	
	C:\PRG\__test\build-tels-Desktop_Qt_5_3_MinGW_32bit-Release\release\bin/ib_util.dll library has not been found
	C:\PRG\__test\build-tels-Desktop_Qt_5_3_MinGW_32bit-Release\release\ib_util.dll library has not been found
	ib_util.dll library has not been found


TUB-2554	Thu Sep 17 13:57:27 2015
	ib_util init failed, UDFs can't be used - looks like firebird misconfigured
	
	C:\PRG\__test\build-tels-Desktop_Qt_5_3_MinGW_32bit-Release\release\bin/ib_util.dll library has not been found
	C:\PRG\__test\build-tels-Desktop_Qt_5_3_MinGW_32bit-Release\release\ib_util.dll library has not been found
	ib_util.dll library has not been found


TUB-2554	Thu Sep 17 14:00:57 2015
	ib_util init failed, UDFs can't be used - looks like firebird misconfigured
	
	C:\PRG\__test\build-tels-Desktop_Qt_5_3_MinGW_32bit-Release\release\bin/ib_util.dll library has not been found
	C:\PRG\__test\build-tels-Desktop_Qt_5_3_MinGW_32bit-Release\release\ib_util.dll library has not been found
	ib_util.dll library has not been found


TUB-2554	Thu Sep 17 14:09:20 2015
	ib_util init failed, UDFs can't be used - looks like firebird misconfigured
	
	C:\PRG\__test\build-tels-Desktop_Qt_5_3_MinGW_32bit-Release\release\bin/ib_util.dll library has not been found
	C:\PRG\__test\build-tels-Desktop_Qt_5_3_MinGW_32bit-Release\release\ib_util.dll library has not been found
	ib_util.dll library has not been found


TUB-2554	Thu Sep 17 14:11:09 2015
	ib_util init failed, UDFs can't be used - looks like firebird misconfigured
	
	C:\PRG\__test\build-tels-Desktop_Qt_5_3_MinGW_32bit-Release\release\bin/ib_util.dll library has not been found
	C:\PRG\__test\build-tels-Desktop_Qt_5_3_MinGW_32bit-Release\release\ib_util.dll library has not been found
	ib_util.dll library has not been found


TUB-2554	Thu Sep 17 14:20:59 2015
	ib_util init failed, UDFs can't be used - looks like firebird misconfigured
	
	C:\PRG\__test\build-tels-Desktop_Qt_5_3_MinGW_32bit-Release\release\bin/ib_util.dll library has not been found
	C:\PRG\__test\build-tels-Desktop_Qt_5_3_MinGW_32bit-Release\release\ib_util.dll library has not been found
	ib_util.dll library has not been found


TUB-2554	Thu Sep 17 14:23:58 2015
	ib_util init failed, UDFs can't be used - looks like firebird misconfigured
	
	C:\PRG\__test\build-tels-Desktop_Qt_5_3_MinGW_32bit-Release\release\bin/ib_util.dll library has not been found
	C:\PRG\__test\build-tels-Desktop_Qt_5_3_MinGW_32bit-Release\release\ib_util.dll library has not been found
	ib_util.dll library has not been found


TUB-2554	Thu Sep 17 14:26:23 2015
	ib_util init failed, UDFs can't be used - looks like firebird misconfigured
	
	C:\PRG\__test\build-tels-Desktop_Qt_5_3_MinGW_32bit-Release\release\bin/ib_util.dll library has not been found
	C:\PRG\__test\build-tels-Desktop_Qt_5_3_MinGW_32bit-Release\release\ib_util.dll library has not been found
	ib_util.dll library has not been found


TUB-2554	Thu Sep 17 14:26:45 2015
	ib_util init failed, UDFs can't be used - looks like firebird misconfigured
	
	C:\PRG\__test\build-tels-Desktop_Qt_5_3_MinGW_32bit-Release\release\bin/ib_util.dll library has not been found
	C:\PRG\__test\build-tels-Desktop_Qt_5_3_MinGW_32bit-Release\release\ib_util.dll library has not been found
	ib_util.dll library has not been found


TUB-2554	Thu Sep 17 14:27:04 2015
	ib_util init failed, UDFs can't be used - looks like firebird misconfigured
	
	C:\PRG\__test\build-tels-Desktop_Qt_5_3_MinGW_32bit-Release\release\bin/ib_util.dll library has not been found
	C:\PRG\__test\build-tels-Desktop_Qt_5_3_MinGW_32bit-Release\release\ib_util.dll library has not been found
	ib_util.dll library has not been found


TUB-2554	Thu Sep 17 14:35:20 2015
	ib_util init failed, UDFs can't be used - looks like firebird misconfigured
	
	C:\PRG\__test\build-tels-Desktop_Qt_5_3_MinGW_32bit-Release\release\bin/ib_util.dll library has not been found
	C:\PRG\__test\build-tels-Desktop_Qt_5_3_MinGW_32bit-Release\release\ib_util.dll library has not been found
	ib_util.dll library has not been found


TUB-2554	Thu Sep 17 14:35:47 2015
	ib_util init failed, UDFs can't be used - looks like firebird misconfigured
	
	C:\PRG\__test\build-tels-Desktop_Qt_5_3_MinGW_32bit-Release\release\bin/ib_util.dll library has not been found
	C:\PRG\__test\build-tels-Desktop_Qt_5_3_MinGW_32bit-Release\release\ib_util.dll library has not been found
	ib_util.dll library has not been found


TUB-2554	Thu Sep 17 14:42:06 2015
	ib_util init failed, UDFs can't be used - looks like firebird misconfigured
	
	C:\PRG\__test\build-tels-Desktop_Qt_5_3_MinGW_32bit-Release\release\bin/ib_util.dll library has not been found
	C:\PRG\__test\build-tels-Desktop_Qt_5_3_MinGW_32bit-Release\release\ib_util.dll library has not been found
	ib_util.dll library has not been found


TUB-2554	Thu Sep 17 14:43:03 2015
	ib_util init failed, UDFs can't be used - looks like firebird misconfigured
	
	C:\PRG\__test\build-tels-Desktop_Qt_5_3_MinGW_32bit-Release\release\bin/ib_util.dll library has not been found
	C:\PRG\__test\build-tels-Desktop_Qt_5_3_MinGW_32bit-Release\release\ib_util.dll library has not been found
	ib_util.dll library has not been found


TUB-2554	Thu Sep 17 14:45:21 2015
	ib_util init failed, UDFs can't be used - looks like firebird misconfigured
	
	C:\PRG\__test\build-tels-Desktop_Qt_5_3_MinGW_32bit-Release\release\bin/ib_util.dll library has not been found
	C:\PRG\__test\build-tels-Desktop_Qt_5_3_MinGW_32bit-Release\release\ib_util.dll library has not been found
	ib_util.dll library has not been found


TUB-2554	Thu Sep 17 14:47:08 2015
	ib_util init failed, UDFs can't be used - looks like firebird misconfigured
	
	C:\PRG\__test\build-tels-Desktop_Qt_5_3_MinGW_32bit-Release\release\bin/ib_util.dll library has not been found
	C:\PRG\__test\build-tels-Desktop_Qt_5_3_MinGW_32bit-Release\release\ib_util.dll library has not been found
	ib_util.dll library has not been found


TUB-2554	Thu Sep 17 14:57:54 2015
	ib_util init failed, UDFs can't be used - looks like firebird misconfigured
	
	C:\PRG\__test\build-tels-Desktop_Qt_5_3_MinGW_32bit-Release\release\bin/ib_util.dll library has not been found
	C:\PRG\__test\build-tels-Desktop_Qt_5_3_MinGW_32bit-Release\release\ib_util.dll library has not been found
	ib_util.dll library has not been found


TUB-2554	Thu Sep 17 15:00:58 2015
	ib_util init failed, UDFs can't be used - looks like firebird misconfigured
	
	C:\PRG\__test\build-tels-Desktop_Qt_5_3_MinGW_32bit-Release\release\bin/ib_util.dll library has not been found
	C:\PRG\__test\build-tels-Desktop_Qt_5_3_MinGW_32bit-Release\release\ib_util.dll library has not been found
	ib_util.dll library has not been found


TUB-2554	Thu Sep 17 15:01:40 2015
	ib_util init failed, UDFs can't be used - looks like firebird misconfigured
	
	C:\PRG\__test\build-tels-Desktop_Qt_5_3_MinGW_32bit-Release\release\bin/ib_util.dll library has not been found
	C:\PRG\__test\build-tels-Desktop_Qt_5_3_MinGW_32bit-Release\release\ib_util.dll library has not been found
	ib_util.dll library has not been found


TUB-2554	Thu Sep 17 15:01:56 2015
	ib_util init failed, UDFs can't be used - looks like firebird misconfigured
	
	C:\PRG\__test\build-tels-Desktop_Qt_5_3_MinGW_32bit-Release\release\bin/ib_util.dll library has not been found
	C:\PRG\__test\build-tels-Desktop_Qt_5_3_MinGW_32bit-Release\release\ib_util.dll library has not been found
	ib_util.dll library has not been found


TUB-2554	Thu Sep 17 15:02:24 2015
	ib_util init failed, UDFs can't be used - looks like firebird misconfigured
	
	C:\PRG\__test\build-tels-Desktop_Qt_5_3_MinGW_32bit-Release\release\bin/ib_util.dll library has not been found
	C:\PRG\__test\build-tels-Desktop_Qt_5_3_MinGW_32bit-Release\release\ib_util.dll library has not been found
	ib_util.dll library has not been found


TUB-2554	Thu Sep 17 15:13:31 2015
	ib_util init failed, UDFs can't be used - looks like firebird misconfigured
	
	C:\PRG\__test\build-tels-Desktop_Qt_5_3_MinGW_32bit-Release\release\bin/ib_util.dll library has not been found
	C:\PRG\__test\build-tels-Desktop_Qt_5_3_MinGW_32bit-Release\release\ib_util.dll library has not been found
	ib_util.dll library has not been found


TUB-2554	Thu Sep 17 15:19:05 2015
	ib_util init failed, UDFs can't be used - looks like firebird misconfigured
	
	C:\PRG\__test\build-tels-Desktop_Qt_5_3_MinGW_32bit-Release\release\bin/ib_util.dll library has not been found
	C:\PRG\__test\build-tels-Desktop_Qt_5_3_MinGW_32bit-Release\release\ib_util.dll library has not been found
	ib_util.dll library has not been found


TUB-2554	Thu Sep 17 15:20:22 2015
	ib_util init failed, UDFs can't be used - looks like firebird misconfigured
	
	C:\PRG\__test\build-tels-Desktop_Qt_5_3_MinGW_32bit-Release\release\bin/ib_util.dll library has not been found
	C:\PRG\__test\build-tels-Desktop_Qt_5_3_MinGW_32bit-Release\release\ib_util.dll library has not been found
	ib_util.dll library has not been found


TUB-2554	Thu Sep 17 15:20:52 2015
	ib_util init failed, UDFs can't be used - looks like firebird misconfigured
	
	C:\PRG\__test\build-tels-Desktop_Qt_5_3_MinGW_32bit-Release\release\bin/ib_util.dll library has not been found
	C:\PRG\__test\build-tels-Desktop_Qt_5_3_MinGW_32bit-Release\release\ib_util.dll library has not been found
	ib_util.dll library has not been found


TUB-2554	Thu Sep 17 15:22:51 2015
	ib_util init failed, UDFs can't be used - looks like firebird misconfigured
	
	C:\PRG\__test\build-tels-Desktop_Qt_5_3_MinGW_32bit-Release\release\bin/ib_util.dll library has not been found
	C:\PRG\__test\build-tels-Desktop_Qt_5_3_MinGW_32bit-Release\release\ib_util.dll library has not been found
	ib_util.dll library has not been found


TUB-2554	Thu Sep 17 15:23:20 2015
	ib_util init failed, UDFs can't be used - looks like firebird misconfigured
	
	C:\PRG\__test\build-tels-Desktop_Qt_5_3_MinGW_32bit-Release\release\bin/ib_util.dll library has not been found
	C:\PRG\__test\build-tels-Desktop_Qt_5_3_MinGW_32bit-Release\release\ib_util.dll library has not been found
	ib_util.dll library has not been found


TUB-2554	Thu Sep 17 15:26:48 2015
	ib_util init failed, UDFs can't be used - looks like firebird misconfigured
	
	C:\PRG\__test\build-tels-Desktop_Qt_5_3_MinGW_32bit-Release\release\bin/ib_util.dll library has not been found
	C:\PRG\__test\build-tels-Desktop_Qt_5_3_MinGW_32bit-Release\release\ib_util.dll library has not been found
	ib_util.dll library has not been found


TUB-2554	Thu Sep 17 15:28:07 2015
	ib_util init failed, UDFs can't be used - looks like firebird misconfigured
	
	C:\PRG\__test\build-tels-Desktop_Qt_5_3_MinGW_32bit-Release\release\bin/ib_util.dll library has not been found
	C:\PRG\__test\build-tels-Desktop_Qt_5_3_MinGW_32bit-Release\release\ib_util.dll library has not been found
	ib_util.dll library has not been found


TUB-2554	Thu Sep 17 15:28:39 2015
	ib_util init failed, UDFs can't be used - looks like firebird misconfigured
	
	C:\PRG\__test\build-tels-Desktop_Qt_5_3_MinGW_32bit-Release\release\bin/ib_util.dll library has not been found
	C:\PRG\__test\build-tels-Desktop_Qt_5_3_MinGW_32bit-Release\release\ib_util.dll library has not been found
	ib_util.dll library has not been found


TUB-2554	Thu Sep 17 15:29:39 2015
	ib_util init failed, UDFs can't be used - looks like firebird misconfigured
	
	C:\PRG\__test\build-tels-Desktop_Qt_5_3_MinGW_32bit-Release\release\bin/ib_util.dll library has not been found
	C:\PRG\__test\build-tels-Desktop_Qt_5_3_MinGW_32bit-Release\release\ib_util.dll library has not been found
	ib_util.dll library has not been found


TUB-2554	Thu Sep 17 15:30:45 2015
	ib_util init failed, UDFs can't be used - looks like firebird misconfigured
	
	C:\PRG\__test\build-tels-Desktop_Qt_5_3_MinGW_32bit-Release\release\bin/ib_util.dll library has not been found
	C:\PRG\__test\build-tels-Desktop_Qt_5_3_MinGW_32bit-Release\release\ib_util.dll library has not been found
	ib_util.dll library has not been found


TUB-2554	Thu Sep 17 15:31:59 2015
	ib_util init failed, UDFs can't be used - looks like firebird misconfigured
	
	C:\PRG\__test\build-tels-Desktop_Qt_5_3_MinGW_32bit-Release\release\bin/ib_util.dll library has not been found
	C:\PRG\__test\build-tels-Desktop_Qt_5_3_MinGW_32bit-Release\release\ib_util.dll library has not been found
	ib_util.dll library has not been found


TUB-2554	Thu Sep 17 15:32:25 2015
	ib_util init failed, UDFs can't be used - looks like firebird misconfigured
	
	C:\PRG\__test\build-tels-Desktop_Qt_5_3_MinGW_32bit-Release\release\bin/ib_util.dll library has not been found
	C:\PRG\__test\build-tels-Desktop_Qt_5_3_MinGW_32bit-Release\release\ib_util.dll library has not been found
	ib_util.dll library has not been found


TUB-2554	Thu Sep 17 15:43:27 2015
	ib_util init failed, UDFs can't be used - looks like firebird misconfigured
	
	C:\PRG\__test\build-tels-Desktop_Qt_5_3_MinGW_32bit-Release\release\bin/ib_util.dll library has not been found
	C:\PRG\__test\build-tels-Desktop_Qt_5_3_MinGW_32bit-Release\release\ib_util.dll library has not been found
	ib_util.dll library has not been found


TUB-2554	Thu Sep 17 15:45:08 2015
	ib_util init failed, UDFs can't be used - looks like firebird misconfigured
	
	C:\PRG\__test\build-tels-Desktop_Qt_5_3_MinGW_32bit-Release\release\bin/ib_util.dll library has not been found
	C:\PRG\__test\build-tels-Desktop_Qt_5_3_MinGW_32bit-Release\release\ib_util.dll library has not been found
	ib_util.dll library has not been found


TUB-2554	Thu Sep 17 15:45:40 2015
	ib_util init failed, UDFs can't be used - looks like firebird misconfigured
	
	C:\PRG\__test\build-tels-Desktop_Qt_5_3_MinGW_32bit-Release\release\bin/ib_util.dll library has not been found
	C:\PRG\__test\build-tels-Desktop_Qt_5_3_MinGW_32bit-Release\release\ib_util.dll library has not been found
	ib_util.dll library has not been found


TUB-2554	Thu Sep 17 15:45:57 2015
	ib_util init failed, UDFs can't be used - looks like firebird misconfigured
	
	C:\PRG\__test\build-tels-Desktop_Qt_5_3_MinGW_32bit-Release\release\bin/ib_util.dll library has not been found
	C:\PRG\__test\build-tels-Desktop_Qt_5_3_MinGW_32bit-Release\release\ib_util.dll library has not been found
	ib_util.dll library has not been found


TUB-2554	Thu Sep 17 15:46:39 2015
	ib_util init failed, UDFs can't be used - looks like firebird misconfigured
	
	C:\PRG\__test\build-tels-Desktop_Qt_5_3_MinGW_32bit-Release\release\bin/ib_util.dll library has not been found
	C:\PRG\__test\build-tels-Desktop_Qt_5_3_MinGW_32bit-Release\release\ib_util.dll library has not been found
	ib_util.dll library has not been found


TUB-2554	Thu Sep 17 15:47:22 2015
	ib_util init failed, UDFs can't be used - looks like firebird misconfigured
	
	C:\PRG\__test\build-tels-Desktop_Qt_5_3_MinGW_32bit-Release\release\bin/ib_util.dll library has not been found
	C:\PRG\__test\build-tels-Desktop_Qt_5_3_MinGW_32bit-Release\release\ib_util.dll library has not been found
	ib_util.dll library has not been found


TUB-2554	Thu Sep 17 15:49:57 2015
	ib_util init failed, UDFs can't be used - looks like firebird misconfigured
	
	C:\PRG\__test\build-tels-Desktop_Qt_5_3_MinGW_32bit-Release\release\bin/ib_util.dll library has not been found
	C:\PRG\__test\build-tels-Desktop_Qt_5_3_MinGW_32bit-Release\release\ib_util.dll library has not been found
	ib_util.dll library has not been found


TUB-2554	Thu Sep 17 16:19:00 2015
	ib_util init failed, UDFs can't be used - looks like firebird misconfigured
	
	C:\PRG\__test\build-tels-Desktop_Qt_5_3_MinGW_32bit-Release\release\bin/ib_util.dll library has not been found
	C:\PRG\__test\build-tels-Desktop_Qt_5_3_MinGW_32bit-Release\release\ib_util.dll library has not been found
	ib_util.dll library has not been found


TUB-2554	Thu Sep 17 16:20:48 2015
	ib_util init failed, UDFs can't be used - looks like firebird misconfigured
	
	C:\PRG\__test\build-tels-Desktop_Qt_5_3_MinGW_32bit-Release\release\bin/ib_util.dll library has not been found
	C:\PRG\__test\build-tels-Desktop_Qt_5_3_MinGW_32bit-Release\release\ib_util.dll library has not been found
	ib_util.dll library has not been found


TUB-2554	Thu Sep 17 16:22:07 2015
	ib_util init failed, UDFs can't be used - looks like firebird misconfigured
	
	C:\PRG\__test\build-tels-Desktop_Qt_5_3_MinGW_32bit-Release\release\bin/ib_util.dll library has not been found
	C:\PRG\__test\build-tels-Desktop_Qt_5_3_MinGW_32bit-Release\release\ib_util.dll library has not been found
	ib_util.dll library has not been found


TUB-2554	Thu Sep 17 16:25:09 2015
	ib_util init failed, UDFs can't be used - looks like firebird misconfigured
	
	C:\PRG\__test\build-tels-Desktop_Qt_5_3_MinGW_32bit-Release\release\bin/ib_util.dll library has not been found
	C:\PRG\__test\build-tels-Desktop_Qt_5_3_MinGW_32bit-Release\release\ib_util.dll library has not been found
	ib_util.dll library has not been found


TUB-2554	Thu Sep 17 16:26:10 2015
	ib_util init failed, UDFs can't be used - looks like firebird misconfigured
	
	C:\PRG\__test\build-tels-Desktop_Qt_5_3_MinGW_32bit-Release\release\bin/ib_util.dll library has not been found
	C:\PRG\__test\build-tels-Desktop_Qt_5_3_MinGW_32bit-Release\release\ib_util.dll library has not been found
	ib_util.dll library has not been found


TUB-2554	Thu Sep 17 16:28:16 2015
	ib_util init failed, UDFs can't be used - looks like firebird misconfigured
	
	C:\PRG\__test\build-tels-Desktop_Qt_5_3_MinGW_32bit-Release\release\bin/ib_util.dll library has not been found
	C:\PRG\__test\build-tels-Desktop_Qt_5_3_MinGW_32bit-Release\release\ib_util.dll library has not been found
	ib_util.dll library has not been found


TUB-2554	Thu Sep 17 16:37:02 2015
	ib_util init failed, UDFs can't be used - looks like firebird misconfigured
	
	C:\PRG\__test\build-tels-Desktop_Qt_5_3_MinGW_32bit-Release\release\bin/ib_util.dll library has not been found
	C:\PRG\__test\build-tels-Desktop_Qt_5_3_MinGW_32bit-Release\release\ib_util.dll library has not been found
	ib_util.dll library has not been found


TUB-2554	Thu Sep 17 16:37:32 2015
	ib_util init failed, UDFs can't be used - looks like firebird misconfigured
	
	C:\PRG\__test\build-tels-Desktop_Qt_5_3_MinGW_32bit-Release\release\bin/ib_util.dll library has not been found
	C:\PRG\__test\build-tels-Desktop_Qt_5_3_MinGW_32bit-Release\release\ib_util.dll library has not been found
	ib_util.dll library has not been found


TUB-2554	Thu Sep 17 16:44:33 2015
	ib_util init failed, UDFs can't be used - looks like firebird misconfigured
	
	C:\PRG\__test\build-tels-Desktop_Qt_5_3_MinGW_32bit-Release\release\bin/ib_util.dll library has not been found
	C:\PRG\__test\build-tels-Desktop_Qt_5_3_MinGW_32bit-Release\release\ib_util.dll library has not been found
	ib_util.dll library has not been found


TUB-2554	Thu Sep 17 17:01:25 2015
	ib_util init failed, UDFs can't be used - looks like firebird misconfigured
	
	C:\PRG\__test\build-tels-Desktop_Qt_5_3_MinGW_32bit-Release\release\bin/ib_util.dll library has not been found
	C:\PRG\__test\build-tels-Desktop_Qt_5_3_MinGW_32bit-Release\release\ib_util.dll library has not been found
	ib_util.dll library has not been found


TUB-2554	Thu Sep 17 17:14:16 2015
	ib_util init failed, UDFs can't be used - looks like firebird misconfigured
	
	C:\PRG\__test\build-tels-Desktop_Qt_5_3_MinGW_32bit-Release\release\bin/ib_util.dll library has not been found
	C:\PRG\__test\build-tels-Desktop_Qt_5_3_MinGW_32bit-Release\release\ib_util.dll library has not been found
	ib_util.dll library has not been found


TUB-2554	Thu Sep 17 17:21:35 2015
	ib_util init failed, UDFs can't be used - looks like firebird misconfigured
	
	C:\PRG\__test\build-tels-Desktop_Qt_5_3_MinGW_32bit-Release\release\bin/ib_util.dll library has not been found
	C:\PRG\__test\build-tels-Desktop_Qt_5_3_MinGW_32bit-Release\release\ib_util.dll library has not been found
	ib_util.dll library has not been found


TUB-2554	Thu Sep 17 17:25:57 2015
	ib_util init failed, UDFs can't be used - looks like firebird misconfigured
	
	C:\PRG\__test\build-tels-Desktop_Qt_5_3_MinGW_32bit-Release\release\bin/ib_util.dll library has not been found
	C:\PRG\__test\build-tels-Desktop_Qt_5_3_MinGW_32bit-Release\release\ib_util.dll library has not been found
	ib_util.dll library has not been found


TUB-2554	Thu Sep 17 17:26:33 2015
	ib_util init failed, UDFs can't be used - looks like firebird misconfigured
	
	C:\PRG\__test\build-tels-Desktop_Qt_5_3_MinGW_32bit-Release\release\bin/ib_util.dll library has not been found
	C:\PRG\__test\build-tels-Desktop_Qt_5_3_MinGW_32bit-Release\release\ib_util.dll library has not been found
	ib_util.dll library has not been found


TUB-2554	Thu Sep 17 17:27:58 2015
	ib_util init failed, UDFs can't be used - looks like firebird misconfigured
	
	C:\PRG\__test\build-tels-Desktop_Qt_5_3_MinGW_32bit-Release\release\bin/ib_util.dll library has not been found
	C:\PRG\__test\build-tels-Desktop_Qt_5_3_MinGW_32bit-Release\release\ib_util.dll library has not been found
	ib_util.dll library has not been found


TUB-2554	Thu Sep 17 17:31:14 2015
	ib_util init failed, UDFs can't be used - looks like firebird misconfigured
	
	C:\PRG\__test\build-tels-Desktop_Qt_5_3_MinGW_32bit-Release\release\bin/ib_util.dll library has not been found
	C:\PRG\__test\build-tels-Desktop_Qt_5_3_MinGW_32bit-Release\release\ib_util.dll library has not been found
	ib_util.dll library has not been found


TUB-2554	Thu Sep 17 17:31:43 2015
	ib_util init failed, UDFs can't be used - looks like firebird misconfigured
	
	C:\PRG\__test\build-tels-Desktop_Qt_5_3_MinGW_32bit-Release\release\bin/ib_util.dll library has not been found
	C:\PRG\__test\build-tels-Desktop_Qt_5_3_MinGW_32bit-Release\release\ib_util.dll library has not been found
	ib_util.dll library has not been found


TUB-2554	Thu Sep 17 17:35:01 2015
	ib_util init failed, UDFs can't be used - looks like firebird misconfigured
	
	C:\PRG\__test\build-tels-Desktop_Qt_5_3_MinGW_32bit-Release\release\bin/ib_util.dll library has not been found
	C:\PRG\__test\build-tels-Desktop_Qt_5_3_MinGW_32bit-Release\release\ib_util.dll library has not been found
	ib_util.dll library has not been found


TUB-2554	Thu Sep 17 17:38:06 2015
	ib_util init failed, UDFs can't be used - looks like firebird misconfigured
	
	C:\PRG\__test\build-tels-Desktop_Qt_5_3_MinGW_32bit-Release\release\bin/ib_util.dll library has not been found
	C:\PRG\__test\build-tels-Desktop_Qt_5_3_MinGW_32bit-Release\release\ib_util.dll library has not been found
	ib_util.dll library has not been found


TUB-2554	Fri Sep 18 08:38:13 2015
	ib_util init failed, UDFs can't be used - looks like firebird misconfigured
	
	C:\PRG\__test\build-tels-Desktop_Qt_5_3_MinGW_32bit-Release\release\bin/ib_util.dll library has not been found
	C:\PRG\__test\build-tels-Desktop_Qt_5_3_MinGW_32bit-Release\release\ib_util.dll library has not been found
	ib_util.dll library has not been found


TUB-2554	Fri Sep 18 08:40:01 2015
	ib_util init failed, UDFs can't be used - looks like firebird misconfigured
	
	C:\PRG\__test\build-tels-Desktop_Qt_5_3_MinGW_32bit-Release\release\bin/ib_util.dll library has not been found
	C:\PRG\__test\build-tels-Desktop_Qt_5_3_MinGW_32bit-Release\release\ib_util.dll library has not been found
	ib_util.dll library has not been found


TUB-2554	Fri Sep 18 08:44:04 2015
	ib_util init failed, UDFs can't be used - looks like firebird misconfigured
	
	C:\PRG\__test\build-tels-Desktop_Qt_5_3_MinGW_32bit-Release\release\bin/ib_util.dll library has not been found
	C:\PRG\__test\build-tels-Desktop_Qt_5_3_MinGW_32bit-Release\release\ib_util.dll library has not been found
	ib_util.dll library has not been found


TUB-2554	Fri Sep 18 08:47:45 2015
	ib_util init failed, UDFs can't be used - looks like firebird misconfigured
	
	C:\PRG\__test\build-tels-Desktop_Qt_5_3_MinGW_32bit-Release\release\bin/ib_util.dll library has not been found
	C:\PRG\__test\build-tels-Desktop_Qt_5_3_MinGW_32bit-Release\release\ib_util.dll library has not been found
	ib_util.dll library has not been found


TUB-2554	Fri Sep 18 09:02:22 2015
	ib_util init failed, UDFs can't be used - looks like firebird misconfigured
	
	C:\PRG\__test\build-tels-Desktop_Qt_5_3_MinGW_32bit-Release\release\bin/ib_util.dll library has not been found
	C:\PRG\__test\build-tels-Desktop_Qt_5_3_MinGW_32bit-Release\release\ib_util.dll library has not been found
	ib_util.dll library has not been found


TUB-2554	Fri Sep 18 09:02:41 2015
	ib_util init failed, UDFs can't be used - looks like firebird misconfigured
	
	C:\PRG\__test\build-tels-Desktop_Qt_5_3_MinGW_32bit-Release\release\bin/ib_util.dll library has not been found
	C:\PRG\__test\build-tels-Desktop_Qt_5_3_MinGW_32bit-Release\release\ib_util.dll library has not been found
	ib_util.dll library has not been found


TUB-2554	Fri Sep 18 09:02:54 2015
	ib_util init failed, UDFs can't be used - looks like firebird misconfigured
	
	C:\PRG\__test\build-tels-Desktop_Qt_5_3_MinGW_32bit-Release\release\bin/ib_util.dll library has not been found
	C:\PRG\__test\build-tels-Desktop_Qt_5_3_MinGW_32bit-Release\release\ib_util.dll library has not been found
	ib_util.dll library has not been found


TUB-2554	Fri Sep 18 09:03:02 2015
	ib_util init failed, UDFs can't be used - looks like firebird misconfigured
	
	C:\PRG\__test\build-tels-Desktop_Qt_5_3_MinGW_32bit-Release\release\bin/ib_util.dll library has not been found
	C:\PRG\__test\build-tels-Desktop_Qt_5_3_MinGW_32bit-Release\release\ib_util.dll library has not been found
	ib_util.dll library has not been found


TUB-2554	Fri Sep 18 09:11:17 2015
	ib_util init failed, UDFs can't be used - looks like firebird misconfigured
	
	C:\PRG\__test\build-tels-Desktop_Qt_5_3_MinGW_32bit-Release\release\bin/ib_util.dll library has not been found
	C:\PRG\__test\build-tels-Desktop_Qt_5_3_MinGW_32bit-Release\release\ib_util.dll library has not been found
	ib_util.dll library has not been found


TUB-2554	Fri Sep 18 09:17:57 2015
	ib_util init failed, UDFs can't be used - looks like firebird misconfigured
	
	C:\PRG\__test\build-tels-Desktop_Qt_5_3_MinGW_32bit-Release\release\bin/ib_util.dll library has not been found
	C:\PRG\__test\build-tels-Desktop_Qt_5_3_MinGW_32bit-Release\release\ib_util.dll library has not been found
	ib_util.dll library has not been found


TUB-2554	Fri Sep 18 09:20:30 2015
	ib_util init failed, UDFs can't be used - looks like firebird misconfigured
	
	C:\PRG\__test\build-tels-Desktop_Qt_5_3_MinGW_32bit-Release\release\bin/ib_util.dll library has not been found
	C:\PRG\__test\build-tels-Desktop_Qt_5_3_MinGW_32bit-Release\release\ib_util.dll library has not been found
	ib_util.dll library has not been found


TUB-2554	Fri Sep 18 09:21:29 2015
	ib_util init failed, UDFs can't be used - looks like firebird misconfigured
	
	C:\PRG\__test\build-tels-Desktop_Qt_5_3_MinGW_32bit-Release\release\bin/ib_util.dll library has not been found
	C:\PRG\__test\build-tels-Desktop_Qt_5_3_MinGW_32bit-Release\release\ib_util.dll library has not been found
	ib_util.dll library has not been found


TUB-2554	Fri Sep 18 09:27:53 2015
	ib_util init failed, UDFs can't be used - looks like firebird misconfigured
	
	C:\PRG\__test\build-tels-Desktop_Qt_5_3_MinGW_32bit-Release\release\bin/ib_util.dll library has not been found
	C:\PRG\__test\build-tels-Desktop_Qt_5_3_MinGW_32bit-Release\release\ib_util.dll library has not been found
	ib_util.dll library has not been found


TUB-2554	Fri Sep 18 09:28:30 2015
	ib_util init failed, UDFs can't be used - looks like firebird misconfigured
	
	C:\PRG\__test\build-tels-Desktop_Qt_5_3_MinGW_32bit-Release\release\bin/ib_util.dll library has not been found
	C:\PRG\__test\build-tels-Desktop_Qt_5_3_MinGW_32bit-Release\release\ib_util.dll library has not been found
	ib_util.dll library has not been found


TUB-2554	Fri Sep 18 10:57:21 2015
	ib_util init failed, UDFs can't be used - looks like firebird misconfigured
	
	C:\PRG\__test\build-tels-Desktop_Qt_5_3_MinGW_32bit-Release\release\bin/ib_util.dll library has not been found
	C:\PRG\__test\build-tels-Desktop_Qt_5_3_MinGW_32bit-Release\release\ib_util.dll library has not been found
	ib_util.dll library has not been found


TUB-2554	Fri Sep 18 10:58:17 2015
	ib_util init failed, UDFs can't be used - looks like firebird misconfigured
	
	C:\PRG\__test\build-tels-Desktop_Qt_5_3_MinGW_32bit-Release\release\bin/ib_util.dll library has not been found
	C:\PRG\__test\build-tels-Desktop_Qt_5_3_MinGW_32bit-Release\release\ib_util.dll library has not been found
	ib_util.dll library has not been found


TUB-2554	Fri Sep 18 11:21:15 2015
	ib_util init failed, UDFs can't be used - looks like firebird misconfigured
	
	C:\PRG\__test\build-tels-Desktop_Qt_5_3_MinGW_32bit-Release\release\bin/ib_util.dll library has not been found
	C:\PRG\__test\build-tels-Desktop_Qt_5_3_MinGW_32bit-Release\release\ib_util.dll library has not been found
	ib_util.dll library has not been found


TUB-2554	Fri Sep 18 11:22:45 2015
	ib_util init failed, UDFs can't be used - looks like firebird misconfigured
	
	C:\PRG\__test\build-tels-Desktop_Qt_5_3_MinGW_32bit-Release\release\bin/ib_util.dll library has not been found
	C:\PRG\__test\build-tels-Desktop_Qt_5_3_MinGW_32bit-Release\release\ib_util.dll library has not been found
	ib_util.dll library has not been found


TUB-2554	Fri Sep 18 11:27:03 2015
	ib_util init failed, UDFs can't be used - looks like firebird misconfigured
	
	C:\PRG\__test\build-tels-Desktop_Qt_5_3_MinGW_32bit-Release\release\bin/ib_util.dll library has not been found
	C:\PRG\__test\build-tels-Desktop_Qt_5_3_MinGW_32bit-Release\release\ib_util.dll library has not been found
	ib_util.dll library has not been found


TUB-2554	Fri Sep 18 11:53:24 2015
	ib_util init failed, UDFs can't be used - looks like firebird misconfigured
	
	C:\PRG\__test\build-tels-Desktop_Qt_5_3_MinGW_32bit-Release\release\bin/ib_util.dll library has not been found
	C:\PRG\__test\build-tels-Desktop_Qt_5_3_MinGW_32bit-Release\release\ib_util.dll library has not been found
	ib_util.dll library has not been found


TUB-2554	Fri Sep 18 12:09:11 2015
	ib_util init failed, UDFs can't be used - looks like firebird misconfigured
	
	C:\PRG\__test\build-tels-Desktop_Qt_5_3_MinGW_32bit-Release\release\bin/ib_util.dll library has not been found
	C:\PRG\__test\build-tels-Desktop_Qt_5_3_MinGW_32bit-Release\release\ib_util.dll library has not been found
	ib_util.dll library has not been found


TUB-2554	Fri Sep 18 12:25:39 2015
	ib_util init failed, UDFs can't be used - looks like firebird misconfigured
	
	C:\PRG\__test\build-tels-Desktop_Qt_5_3_MinGW_32bit-Release\release\bin/ib_util.dll library has not been found
	C:\PRG\__test\build-tels-Desktop_Qt_5_3_MinGW_32bit-Release\release\ib_util.dll library has not been found
	ib_util.dll library has not been found


TUB-2554	Fri Sep 18 13:12:10 2015
	ib_util init failed, UDFs can't be used - looks like firebird misconfigured
	
	C:\PRG\__test\build-tels-Desktop_Qt_5_3_MinGW_32bit-Release\release\bin/ib_util.dll library has not been found
	C:\PRG\__test\build-tels-Desktop_Qt_5_3_MinGW_32bit-Release\release\ib_util.dll library has not been found
	ib_util.dll library has not been found


TUB-2554	Fri Sep 18 14:06:24 2015
	ib_util init failed, UDFs can't be used - looks like firebird misconfigured
	
	C:\PRG\__test\build-tels-Desktop_Qt_5_3_MinGW_32bit-Release\release\bin/ib_util.dll library has not been found
	C:\PRG\__test\build-tels-Desktop_Qt_5_3_MinGW_32bit-Release\release\ib_util.dll library has not been found
	ib_util.dll library has not been found


TUB-2554	Fri Sep 18 14:06:55 2015
	ib_util init failed, UDFs can't be used - looks like firebird misconfigured
	
	C:\PRG\__test\build-tels-Desktop_Qt_5_3_MinGW_32bit-Release\release\bin/ib_util.dll library has not been found
	C:\PRG\__test\build-tels-Desktop_Qt_5_3_MinGW_32bit-Release\release\ib_util.dll library has not been found
	ib_util.dll library has not been found


TUB-2554	Fri Sep 18 14:09:15 2015
	ib_util init failed, UDFs can't be used - looks like firebird misconfigured
	
	C:\PRG\__test\build-tels-Desktop_Qt_5_3_MinGW_32bit-Release\release\bin/ib_util.dll library has not been found
	C:\PRG\__test\build-tels-Desktop_Qt_5_3_MinGW_32bit-Release\release\ib_util.dll library has not been found
	ib_util.dll library has not been found


TUB-2554	Fri Sep 18 14:10:58 2015
	ib_util init failed, UDFs can't be used - looks like firebird misconfigured
	
	C:\PRG\__test\build-tels-Desktop_Qt_5_3_MinGW_32bit-Release\release\bin/ib_util.dll library has not been found
	C:\PRG\__test\build-tels-Desktop_Qt_5_3_MinGW_32bit-Release\release\ib_util.dll library has not been found
	ib_util.dll library has not been found


TUB-2554	Fri Sep 18 14:12:06 2015
	ib_util init failed, UDFs can't be used - looks like firebird misconfigured
	
	C:\PRG\__test\build-tels-Desktop_Qt_5_3_MinGW_32bit-Release\release\bin/ib_util.dll library has not been found
	C:\PRG\__test\build-tels-Desktop_Qt_5_3_MinGW_32bit-Release\release\ib_util.dll library has not been found
	ib_util.dll library has not been found


TUB-2554	Fri Sep 18 14:12:36 2015
	ib_util init failed, UDFs can't be used - looks like firebird misconfigured
	
	C:\PRG\__test\build-tels-Desktop_Qt_5_3_MinGW_32bit-Release\release\bin/ib_util.dll library has not been found
	C:\PRG\__test\build-tels-Desktop_Qt_5_3_MinGW_32bit-Release\release\ib_util.dll library has not been found
	ib_util.dll library has not been found


TUB-2554	Fri Sep 18 14:14:02 2015
	ib_util init failed, UDFs can't be used - looks like firebird misconfigured
	
	C:\PRG\__test\build-tels-Desktop_Qt_5_3_MinGW_32bit-Release\release\bin/ib_util.dll library has not been found
	C:\PRG\__test\build-tels-Desktop_Qt_5_3_MinGW_32bit-Release\release\ib_util.dll library has not been found
	ib_util.dll library has not been found


TUB-2554	Fri Sep 18 15:12:10 2015
	ib_util init failed, UDFs can't be used - looks like firebird misconfigured
	
	C:\PRG\__test\build-tels-Desktop_Qt_5_3_MinGW_32bit-Release\release\bin/ib_util.dll library has not been found
	C:\PRG\__test\build-tels-Desktop_Qt_5_3_MinGW_32bit-Release\release\ib_util.dll library has not been found
	ib_util.dll library has not been found


TUB-2554	Fri Sep 18 15:12:17 2015
	ib_util init failed, UDFs can't be used - looks like firebird misconfigured
	
	C:\PRG\__test\build-tels-Desktop_Qt_5_3_MinGW_32bit-Release\release\bin/ib_util.dll library has not been found
	C:\PRG\__test\build-tels-Desktop_Qt_5_3_MinGW_32bit-Release\release\ib_util.dll library has not been found
	ib_util.dll library has not been found


TUB-2554	Fri Sep 18 15:13:26 2015
	ib_util init failed, UDFs can't be used - looks like firebird misconfigured
	
	C:\PRG\__test\build-tels-Desktop_Qt_5_3_MinGW_32bit-Release\release\bin/ib_util.dll library has not been found
	C:\PRG\__test\build-tels-Desktop_Qt_5_3_MinGW_32bit-Release\release\ib_util.dll library has not been found
	ib_util.dll library has not been found


TUB-2554	Fri Sep 18 15:24:14 2015
	ib_util init failed, UDFs can't be used - looks like firebird misconfigured
	
	C:\PRG\__test\build-tels-Desktop_Qt_5_3_MinGW_32bit-Release\release\bin/ib_util.dll library has not been found
	C:\PRG\__test\build-tels-Desktop_Qt_5_3_MinGW_32bit-Release\release\ib_util.dll library has not been found
	ib_util.dll library has not been found


TUB-2554	Fri Sep 18 15:25:40 2015
	ib_util init failed, UDFs can't be used - looks like firebird misconfigured
	
	C:\PRG\__test\build-tels-Desktop_Qt_5_3_MinGW_32bit-Release\release\bin/ib_util.dll library has not been found
	C:\PRG\__test\build-tels-Desktop_Qt_5_3_MinGW_32bit-Release\release\ib_util.dll library has not been found
	ib_util.dll library has not been found


TUB-2554	Fri Sep 18 15:33:22 2015
	ib_util init failed, UDFs can't be used - looks like firebird misconfigured
	
	C:\PRG\__test\build-tels-Desktop_Qt_5_3_MinGW_32bit-Release\release\bin/ib_util.dll library has not been found
	C:\PRG\__test\build-tels-Desktop_Qt_5_3_MinGW_32bit-Release\release\ib_util.dll library has not been found
	ib_util.dll library has not been found


TUB-2554	Fri Sep 18 15:34:44 2015
	ib_util init failed, UDFs can't be used - looks like firebird misconfigured
	
	C:\PRG\__test\build-tels-Desktop_Qt_5_3_MinGW_32bit-Release\release\bin/ib_util.dll library has not been found
	C:\PRG\__test\build-tels-Desktop_Qt_5_3_MinGW_32bit-Release\release\ib_util.dll library has not been found
	ib_util.dll library has not been found


TUB-2554	Fri Sep 18 15:37:06 2015
	ib_util init failed, UDFs can't be used - looks like firebird misconfigured
	
	C:\PRG\__test\build-tels-Desktop_Qt_5_3_MinGW_32bit-Release\release\bin/ib_util.dll library has not been found
	C:\PRG\__test\build-tels-Desktop_Qt_5_3_MinGW_32bit-Release\release\ib_util.dll library has not been found
	ib_util.dll library has not been found


TUB-2554	Fri Sep 18 15:39:18 2015
	ib_util init failed, UDFs can't be used - looks like firebird misconfigured
	
	C:\PRG\__test\build-tels-Desktop_Qt_5_3_MinGW_32bit-Release\release\bin/ib_util.dll library has not been found
	C:\PRG\__test\build-tels-Desktop_Qt_5_3_MinGW_32bit-Release\release\ib_util.dll library has not been found
	ib_util.dll library has not been found


TUB-2554	Fri Sep 18 15:46:25 2015
	ib_util init failed, UDFs can't be used - looks like firebird misconfigured
	
	C:\PRG\__test\build-tels-Desktop_Qt_5_3_MinGW_32bit-Release\release\bin/ib_util.dll library has not been found
	C:\PRG\__test\build-tels-Desktop_Qt_5_3_MinGW_32bit-Release\release\ib_util.dll library has not been found
	ib_util.dll library has not been found


TUB-2554	Fri Sep 18 15:47:41 2015
	ib_util init failed, UDFs can't be used - looks like firebird misconfigured
	
	C:\PRG\__test\build-tels-Desktop_Qt_5_3_MinGW_32bit-Release\release\bin/ib_util.dll library has not been found
	C:\PRG\__test\build-tels-Desktop_Qt_5_3_MinGW_32bit-Release\release\ib_util.dll library has not been found
	ib_util.dll library has not been found


TUB-2554	Fri Sep 18 15:48:54 2015
	ib_util init failed, UDFs can't be used - looks like firebird misconfigured
	
	C:\PRG\__test\build-tels-Desktop_Qt_5_3_MinGW_32bit-Release\release\bin/ib_util.dll library has not been found
	C:\PRG\__test\build-tels-Desktop_Qt_5_3_MinGW_32bit-Release\release\ib_util.dll library has not been found
	ib_util.dll library has not been found


TUB-2554	Fri Sep 18 15:53:44 2015
	ib_util init failed, UDFs can't be used - looks like firebird misconfigured
	
	C:\PRG\__test\build-tels-Desktop_Qt_5_3_MinGW_32bit-Release\release\bin/ib_util.dll library has not been found
	C:\PRG\__test\build-tels-Desktop_Qt_5_3_MinGW_32bit-Release\release\ib_util.dll library has not been found
	ib_util.dll library has not been found


TUB-2554	Fri Sep 18 16:00:17 2015
	ib_util init failed, UDFs can't be used - looks like firebird misconfigured
	
	C:\PRG\__test\build-tels-Desktop_Qt_5_3_MinGW_32bit-Release\release\bin/ib_util.dll library has not been found
	C:\PRG\__test\build-tels-Desktop_Qt_5_3_MinGW_32bit-Release\release\ib_util.dll library has not been found
	ib_util.dll library has not been found


TUB-2554	Fri Sep 18 16:05:23 2015
	ib_util init failed, UDFs can't be used - looks like firebird misconfigured
	
	C:\PRG\__test\build-tels-Desktop_Qt_5_3_MinGW_32bit-Release\release\bin/ib_util.dll library has not been found
	C:\PRG\__test\build-tels-Desktop_Qt_5_3_MinGW_32bit-Release\release\ib_util.dll library has not been found
	ib_util.dll library has not been found


TUB-2554	Fri Sep 18 16:05:37 2015
	ib_util init failed, UDFs can't be used - looks like firebird misconfigured
	
	C:\PRG\__test\build-tels-Desktop_Qt_5_3_MinGW_32bit-Release\release\bin/ib_util.dll library has not been found
	C:\PRG\__test\build-tels-Desktop_Qt_5_3_MinGW_32bit-Release\release\ib_util.dll library has not been found
	ib_util.dll library has not been found


TUB-2554	Fri Sep 18 16:05:53 2015
	ib_util init failed, UDFs can't be used - looks like firebird misconfigured
	
	C:\PRG\__test\build-tels-Desktop_Qt_5_3_MinGW_32bit-Release\release\bin/ib_util.dll library has not been found
	C:\PRG\__test\build-tels-Desktop_Qt_5_3_MinGW_32bit-Release\release\ib_util.dll library has not been found
	ib_util.dll library has not been found


TUB-2554	Fri Sep 18 16:09:24 2015
	ib_util init failed, UDFs can't be used - looks like firebird misconfigured
	
	C:\PRG\__test\build-tels-Desktop_Qt_5_3_MinGW_32bit-Release\release\bin/ib_util.dll library has not been found
	C:\PRG\__test\build-tels-Desktop_Qt_5_3_MinGW_32bit-Release\release\ib_util.dll library has not been found
	ib_util.dll library has not been found


TUB-2554	Fri Sep 18 16:13:08 2015
	ib_util init failed, UDFs can't be used - looks like firebird misconfigured
	
	C:\PRG\__test\build-tels-Desktop_Qt_5_3_MinGW_32bit-Release\release\bin/ib_util.dll library has not been found
	C:\PRG\__test\build-tels-Desktop_Qt_5_3_MinGW_32bit-Release\release\ib_util.dll library has not been found
	ib_util.dll library has not been found


TUB-2554	Fri Sep 18 16:14:19 2015
	ib_util init failed, UDFs can't be used - looks like firebird misconfigured
	
	C:\PRG\__test\build-tels-Desktop_Qt_5_3_MinGW_32bit-Release\release\bin/ib_util.dll library has not been found
	C:\PRG\__test\build-tels-Desktop_Qt_5_3_MinGW_32bit-Release\release\ib_util.dll library has not been found
	ib_util.dll library has not been found


TUB-2554	Fri Sep 18 16:17:17 2015
	ib_util init failed, UDFs can't be used - looks like firebird misconfigured
	
	C:\PRG\__test\build-tels-Desktop_Qt_5_3_MinGW_32bit-Release\release\bin/ib_util.dll library has not been found
	C:\PRG\__test\build-tels-Desktop_Qt_5_3_MinGW_32bit-Release\release\ib_util.dll library has not been found
	ib_util.dll library has not been found


TUB-2554	Fri Sep 18 16:17:58 2015
	ib_util init failed, UDFs can't be used - looks like firebird misconfigured
	
	C:\PRG\__test\build-tels-Desktop_Qt_5_3_MinGW_32bit-Release\release\bin/ib_util.dll library has not been found
	C:\PRG\__test\build-tels-Desktop_Qt_5_3_MinGW_32bit-Release\release\ib_util.dll library has not been found
	ib_util.dll library has not been found


TUB-2554	Fri Sep 18 16:18:10 2015
	ib_util init failed, UDFs can't be used - looks like firebird misconfigured
	
	C:\PRG\__test\build-tels-Desktop_Qt_5_3_MinGW_32bit-Release\release\bin/ib_util.dll library has not been found
	C:\PRG\__test\build-tels-Desktop_Qt_5_3_MinGW_32bit-Release\release\ib_util.dll library has not been found
	ib_util.dll library has not been found


TUB-2554	Fri Sep 18 16:19:41 2015
	ib_util init failed, UDFs can't be used - looks like firebird misconfigured
	
	C:\PRG\__test\build-tels-Desktop_Qt_5_3_MinGW_32bit-Release\release\bin/ib_util.dll library has not been found
	C:\PRG\__test\build-tels-Desktop_Qt_5_3_MinGW_32bit-Release\release\ib_util.dll library has not been found
	ib_util.dll library has not been found


TUB-2554	Fri Sep 18 16:24:06 2015
	ib_util init failed, UDFs can't be used - looks like firebird misconfigured
	
	C:\PRG\__test\build-tels-Desktop_Qt_5_3_MinGW_32bit-Release\release\bin/ib_util.dll library has not been found
	C:\PRG\__test\build-tels-Desktop_Qt_5_3_MinGW_32bit-Release\release\ib_util.dll library has not been found
	ib_util.dll library has not been found


TUB-2554	Fri Sep 18 16:24:38 2015
	ib_util init failed, UDFs can't be used - looks like firebird misconfigured
	
	C:\PRG\__test\build-tels-Desktop_Qt_5_3_MinGW_32bit-Release\release\bin/ib_util.dll library has not been found
	C:\PRG\__test\build-tels-Desktop_Qt_5_3_MinGW_32bit-Release\release\ib_util.dll library has not been found
	ib_util.dll library has not been found


TUB-2554	Fri Sep 18 16:25:16 2015
	ib_util init failed, UDFs can't be used - looks like firebird misconfigured
	
	C:\PRG\__test\build-tels-Desktop_Qt_5_3_MinGW_32bit-Release\release\bin/ib_util.dll library has not been found
	C:\PRG\__test\build-tels-Desktop_Qt_5_3_MinGW_32bit-Release\release\ib_util.dll library has not been found
	ib_util.dll library has not been found


TUB-2554	Fri Sep 18 16:26:34 2015
	ib_util init failed, UDFs can't be used - looks like firebird misconfigured
	
	C:\PRG\__test\build-tels-Desktop_Qt_5_3_MinGW_32bit-Release\release\bin/ib_util.dll library has not been found
	C:\PRG\__test\build-tels-Desktop_Qt_5_3_MinGW_32bit-Release\release\ib_util.dll library has not been found
	ib_util.dll library has not been found


TUB-2554	Fri Sep 18 16:27:24 2015
	ib_util init failed, UDFs can't be used - looks like firebird misconfigured
	
	C:\PRG\__test\build-tels-Desktop_Qt_5_3_MinGW_32bit-Release\release\bin/ib_util.dll library has not been found
	C:\PRG\__test\build-tels-Desktop_Qt_5_3_MinGW_32bit-Release\release\ib_util.dll library has not been found
	ib_util.dll library has not been found


TUB-2554	Fri Sep 18 16:28:36 2015
	ib_util init failed, UDFs can't be used - looks like firebird misconfigured
	
	C:\PRG\__test\build-tels-Desktop_Qt_5_3_MinGW_32bit-Release\release\bin/ib_util.dll library has not been found
	C:\PRG\__test\build-tels-Desktop_Qt_5_3_MinGW_32bit-Release\release\ib_util.dll library has not been found
	ib_util.dll library has not been found


TUB-2554	Fri Sep 18 16:35:02 2015
	ib_util init failed, UDFs can't be used - looks like firebird misconfigured
	
	C:\PRG\__test\build-tels-Desktop_Qt_5_3_MinGW_32bit-Release\release\bin/ib_util.dll library has not been found
	C:\PRG\__test\build-tels-Desktop_Qt_5_3_MinGW_32bit-Release\release\ib_util.dll library has not been found
	ib_util.dll library has not been found


TUB-2554	Fri Sep 18 16:37:10 2015
	ib_util init failed, UDFs can't be used - looks like firebird misconfigured
	
	C:\PRG\__test\build-tels-Desktop_Qt_5_3_MinGW_32bit-Release\release\bin/ib_util.dll library has not been found
	C:\PRG\__test\build-tels-Desktop_Qt_5_3_MinGW_32bit-Release\release\ib_util.dll library has not been found
	ib_util.dll library has not been found


TUB-2554	Fri Sep 18 16:39:59 2015
	ib_util init failed, UDFs can't be used - looks like firebird misconfigured
	
	C:\PRG\__test\build-tels-Desktop_Qt_5_3_MinGW_32bit-Release\release\bin/ib_util.dll library has not been found
	C:\PRG\__test\build-tels-Desktop_Qt_5_3_MinGW_32bit-Release\release\ib_util.dll library has not been found
	ib_util.dll library has not been found


TUB-2554	Fri Sep 18 16:55:12 2015
	ib_util init failed, UDFs can't be used - looks like firebird misconfigured
	
	C:\PRG\__test\build-tels-Desktop_Qt_5_3_MinGW_32bit-Release\release\bin/ib_util.dll library has not been found
	C:\PRG\__test\build-tels-Desktop_Qt_5_3_MinGW_32bit-Release\release\ib_util.dll library has not been found
	ib_util.dll library has not been found


TUB-2554	Fri Sep 18 16:59:01 2015
	ib_util init failed, UDFs can't be used - looks like firebird misconfigured
	
	C:\PRG\__test\build-tels-Desktop_Qt_5_3_MinGW_32bit-Release\release\bin/ib_util.dll library has not been found
	C:\PRG\__test\build-tels-Desktop_Qt_5_3_MinGW_32bit-Release\release\ib_util.dll library has not been found
	ib_util.dll library has not been found


TUB-2554	Fri Sep 18 17:01:59 2015
	ib_util init failed, UDFs can't be used - looks like firebird misconfigured
	
	C:\PRG\__test\build-tels-Desktop_Qt_5_3_MinGW_32bit-Release\release\bin/ib_util.dll library has not been found
	C:\PRG\__test\build-tels-Desktop_Qt_5_3_MinGW_32bit-Release\release\ib_util.dll library has not been found
	ib_util.dll library has not been found


XXX	Sat Sep 19 20:21:31 2015
	ib_util init failed, UDFs can't be used - looks like firebird misconfigured
	
	I:\__test\build-tels-Desktop_Qt_5_3_MinGW_32bit-Release\release\bin/ib_util.dll library has not been found
	I:\__test\build-tels-Desktop_Qt_5_3_MinGW_32bit-Release\release\ib_util.dll library has not been found
	ib_util.dll library has not been found

